#
# There is insufficient memory for the Java Runtime Environment to continue.
# Native memory allocation (malloc) failed to allocate 174576 bytes for Chunk::new
# Possible reasons:
#   The system is out of physical RAM or swap space
#   In 32 bit mode, the process size limit was hit
# Possible solutions:
#   Reduce memory load on the system
#   Increase physical memory or swap space
#   Check if swap backing store is full
#   Use 64 bit Java on a 64 bit OS
#   Decrease Java heap size (-Xmx/-Xms)
#   Decrease number of Java threads
#   Decrease Java thread stack sizes (-Xss)
#   Set larger code cache with -XX:ReservedCodeCacheSize=
# This output file may be truncated or incomplete.
#
#  Out of Memory Error (allocation.cpp:390), pid=30988, tid=0x0000000000002848
#
# JRE version: OpenJDK Runtime Environment (8.0) (build 1.8.0-adoptopenjdk-_2018_05_19_00_59-b00)
# Java VM: OpenJDK 64-Bit Server VM (25.71-b00 mixed mode windows-amd64 compressed oops)
# Failed to write core dump. Minidumps are not enabled by default on client versions of Windows
#

---------------  T H R E A D  ---------------

Current thread (0x000000001e82f000):  JavaThread "C2 CompilerThread4" daemon [_thread_in_native, id=10312, stack(0x0000000020710000,0x0000000020810000)]

Stack: [0x0000000020710000,0x0000000020810000]
[error occurred during error reporting (printing stack bounds), id 0xc0000005]

Native frames: (J=compiled Java code, j=interpreted, Vv=VM code, C=native code)


Current CompileTask:
C2:    792 2198       4       com.sun.org.apache.xerces.internal.utils.XMLLimitAnalyzer::addValue (260 bytes)


---------------  P R O C E S S  ---------------

Java Threads: ( => current thread )
  0x0000000022029800 JavaThread "Keep-Alive-Timer" daemon [_thread_blocked, id=17064, stack(0x00000000231e0000,0x00000000232e0000)]
  0x000000001e8ea800 JavaThread "Service Thread" daemon [_thread_blocked, id=12244, stack(0x0000000021010000,0x0000000021110000)]
  0x000000001e8b4000 JavaThread "C1 CompilerThread11" daemon [_thread_blocked, id=7364, stack(0x0000000020f10000,0x0000000021010000)]
  0x000000001e896800 JavaThread "C1 CompilerThread10" daemon [_thread_in_native, id=27104, stack(0x0000000020d10000,0x0000000020e10000)]
  0x000000001e86c000 JavaThread "C1 CompilerThread9" daemon [_thread_blocked, id=20384, stack(0x0000000020c10000,0x0000000020d10000)]
  0x000000001e863000 JavaThread "C1 CompilerThread8" daemon [_thread_in_native, id=14116, stack(0x0000000020b10000,0x0000000020c10000)]
  0x000000001e840800 JavaThread "C2 CompilerThread7" daemon [_thread_blocked, id=21760, stack(0x0000000020a10000,0x0000000020b10000)]
  0x000000001e837800 JavaThread "C2 CompilerThread6" daemon [_thread_blocked, id=22708, stack(0x0000000020910000,0x0000000020a10000)]
  0x000000001e837000 JavaThread "C2 CompilerThread5" daemon [_thread_in_native, id=21708, stack(0x0000000020810000,0x0000000020910000)]
=>0x000000001e82f000 JavaThread "C2 CompilerThread4" daemon [_thread_in_native, id=10312, stack(0x0000000020710000,0x0000000020810000)]
  0x000000001e82b000 JavaThread "C2 CompilerThread3" daemon [_thread_in_native, id=26128, stack(0x0000000020610000,0x0000000020710000)]
  0x000000001e828800 JavaThread "C2 CompilerThread2" daemon [_thread_in_vm, id=16748, stack(0x0000000020510000,0x0000000020610000)]
  0x000000001e827800 JavaThread "C2 CompilerThread1" daemon [_thread_blocked, id=21252, stack(0x0000000020410000,0x0000000020510000)]
  0x000000001e826000 JavaThread "C2 CompilerThread0" daemon [_thread_blocked, id=33092, stack(0x0000000020310000,0x0000000020410000)]
  0x000000001e825800 JavaThread "Attach Listener" daemon [_thread_blocked, id=6760, stack(0x0000000020210000,0x0000000020310000)]
  0x000000001e7cd800 JavaThread "Signal Dispatcher" daemon [_thread_blocked, id=2220, stack(0x0000000020110000,0x0000000020210000)]
  0x000000001e7a6800 JavaThread "Finalizer" daemon [_thread_blocked, id=19872, stack(0x0000000020010000,0x0000000020110000)]
  0x000000001cd3d000 JavaThread "Reference Handler" daemon [_thread_blocked, id=29104, stack(0x000000001ff10000,0x0000000020010000)]
  0x0000000002d15000 JavaThread "main" [_thread_in_Java, id=12920, stack(0x0000000002c10000,0x0000000002d10000)]

Other Threads:
  0x000000001e785800 VMThread [stack: 0x000000001fe10000,0x000000001ff10000] [id=9636]
  0x000000001e8f0000 WatcherThread [stack: 0x0000000021110000,0x0000000021210000] [id=20144]

VM state:not at safepoint (normal execution)

VM Mutex/Monitor currently owned by a thread: None

Heap:
 PSYoungGen      total 76288K, used 48611K [0x000000076b380000, 0x0000000770880000, 0x00000007c0000000)
  eden space 65536K, 74% used [0x000000076b380000,0x000000076e2f8e68,0x000000076f380000)
  from space 10752K, 0% used [0x000000076fe00000,0x000000076fe00000,0x0000000770880000)
  to   space 10752K, 0% used [0x000000076f380000,0x000000076f380000,0x000000076fe00000)
 ParOldGen       total 175104K, used 0K [0x00000006c1a00000, 0x00000006cc500000, 0x000000076b380000)
  object space 175104K, 0% used [0x00000006c1a00000,0x00000006c1a00000,0x00000006cc500000)
 Metaspace       used 16968K, capacity 17364K, committed 17792K, reserved 1064960K
  class space    used 1942K, capacity 2064K, committed 2176K, reserved 1048576K

Card table byte_map: [0x00000000121d0000,0x00000000129d0000] byte_map_base: 0x000000000ebc3000

Marking Bits: (ParMarkBitMap*) 0x000000006e47be50
 Begin Bits: [0x0000000013c20000, 0x0000000017bb8000)
 End Bits:   [0x0000000017bb8000, 0x000000001bb50000)

Polling page: 0x0000000000a40000

CodeCache: size=245760Kb used=9192Kb max_used=9192Kb free=236567Kb
 bounds [0x0000000002e10000, 0x0000000003720000, 0x0000000011e10000]
 total_blobs=2645 nmethods=2224 adapters=331
 compilation: enabled

Compilation events (10 events):
Event: 0.791 Thread 0x000000001e86c000 2218       3       java.util.regex.Pattern::bitsOrSingle (104 bytes)
Event: 0.791 Thread 0x000000001e8b4000 2219       3       java.util.regex.Pattern$BitClass::add (97 bytes)
Event: 0.791 Thread 0x000000001e86c000 nmethod 2218 0x0000000003700790 code [0x0000000003700940, 0x00000000037010b8]
Event: 0.791 Thread 0x000000001e86c000 2220       3       com.sun.xml.internal.bind.v2.runtime.unmarshaller.LeafPropertyXsiLoader::startElement (19 bytes)
Event: 0.791 Thread 0x000000001e8b4000 nmethod 2219 0x00000000036fe190 code [0x00000000036fe3a0, 0x00000000036fed18]
Event: 0.791 Thread 0x000000001e8b4000 2221   !   3       com.sun.xml.internal.bind.v2.runtime.unmarshaller.LeafPropertyXsiLoader::selectLoader (149 bytes)
Event: 0.791 Thread 0x000000001e837800 nmethod 2206 0x0000000003703710 code [0x0000000003703880, 0x0000000003703bf8]
Event: 0.791 Thread 0x000000001e86c000 nmethod 2220 0x00000000036ffb90 code [0x00000000036ffd40, 0x0000000003700578]
Event: 0.791 Thread 0x000000001e86c000 2222   !   3       com.sun.xml.internal.bind.v2.runtime.unmarshaller.LeafPropertyLoader::text (34 bytes)
Event: 0.792 Thread 0x000000001e826000 nmethod 2215 0x0000000003701e90 code [0x0000000003701fc0, 0x0000000003702178]

GC Heap History (0 events):
No events

Deoptimization events (10 events):
Event: 0.474 Thread 0x0000000002d15000 Uncommon trap: reason=unstable_if action=reinterpret pc=0x0000000003424fd4 method=java.lang.CharacterDataLatin1.digit(II)I @ 82
Event: 0.564 Thread 0x0000000002d15000 Uncommon trap: reason=unstable_if action=reinterpret pc=0x00000000032508fc method=java.lang.CharacterDataLatin1.isWhitespace(I)Z @ 14
Event: 0.580 Thread 0x0000000002d15000 Uncommon trap: reason=unstable_if action=reinterpret pc=0x00000000033d37f4 method=java.lang.String.indexOf([CII[CIII)I @ 27
Event: 0.611 Thread 0x0000000002d15000 Uncommon trap: reason=unstable_if action=reinterpret pc=0x00000000031b571c method=java.lang.String.startsWith(Ljava/lang/String;I)Z @ 25
Event: 0.619 Thread 0x0000000002d15000 Uncommon trap: reason=unstable_if action=reinterpret pc=0x0000000003568930 method=java.util.Arrays.equals([B[B)Z @ 12
Event: 0.755 Thread 0x0000000002d15000 Uncommon trap: reason=unstable_if action=reinterpret pc=0x000000000360ea0c method=com.sun.org.apache.xerces.internal.impl.XMLEntityScanner.scanContent(Lcom/sun/org/apache/xerces/internal/xni/XMLString;)I @ 526
Event: 0.755 Thread 0x0000000002d15000 Uncommon trap: reason=unstable_if action=reinterpret pc=0x000000000360f5dc method=com.sun.org.apache.xerces.internal.impl.io.UTF8Reader.read([CII)I @ 131
Event: 0.757 Thread 0x0000000002d15000 Uncommon trap: reason=unstable_if action=reinterpret pc=0x0000000003613bb4 method=java.util.regex.Pattern$Ctype.isSatisfiedBy(I)Z @ 4
Event: 0.757 Thread 0x0000000002d15000 Uncommon trap: reason=unstable_if action=reinterpret pc=0x000000000360c7cc method=java.util.regex.Pattern$Ctype.isSatisfiedBy(I)Z @ 4
Event: 0.758 Thread 0x0000000002d15000 Uncommon trap: reason=unstable_if action=reinterpret pc=0x0000000003614824 method=java.util.regex.Pattern$NotBehind.match(Ljava/util/regex/Matcher;ILjava/lang/CharSequence;)Z @ 128

Classes redefined (0 events):
No events

Internal exceptions (10 events):
Event: 0.322 Thread 0x0000000002d15000 Exception <a 'sun/nio/fs/WindowsException'> (0x000000076cbc91d0) thrown at [C:\Users\jenkins\workspace\openjdk8_build_x86-64_windows\openjdk\hotspot\src\share\vm\prims\jni.cpp, line 709]
Event: 0.322 Thread 0x0000000002d15000 Exception <a 'sun/nio/fs/WindowsException'> (0x000000076cbc9890) thrown at [C:\Users\jenkins\workspace\openjdk8_build_x86-64_windows\openjdk\hotspot\src\share\vm\prims\jni.cpp, line 709]
Event: 0.322 Thread 0x0000000002d15000 Exception <a 'sun/nio/fs/WindowsException'> (0x000000076cbca420) thrown at [C:\Users\jenkins\workspace\openjdk8_build_x86-64_windows\openjdk\hotspot\src\share\vm\prims\jni.cpp, line 709]
Event: 0.322 Thread 0x0000000002d15000 Exception <a 'sun/nio/fs/WindowsException'> (0x000000076cbcab18) thrown at [C:\Users\jenkins\workspace\openjdk8_build_x86-64_windows\openjdk\hotspot\src\share\vm\prims\jni.cpp, line 709]
Event: 0.322 Thread 0x0000000002d15000 Exception <a 'sun/nio/fs/WindowsException'> (0x000000076cbcdc50) thrown at [C:\Users\jenkins\workspace\openjdk8_build_x86-64_windows\openjdk\hotspot\src\share\vm\prims\jni.cpp, line 709]
Event: 0.322 Thread 0x0000000002d15000 Exception <a 'sun/nio/fs/WindowsException'> (0x000000076cbce2f8) thrown at [C:\Users\jenkins\workspace\openjdk8_build_x86-64_windows\openjdk\hotspot\src\share\vm\prims\jni.cpp, line 709]
Event: 0.322 Thread 0x0000000002d15000 Exception <a 'sun/nio/fs/WindowsException'> (0x000000076cbcee60) thrown at [C:\Users\jenkins\workspace\openjdk8_build_x86-64_windows\openjdk\hotspot\src\share\vm\prims\jni.cpp, line 709]
Event: 0.322 Thread 0x0000000002d15000 Exception <a 'sun/nio/fs/WindowsException'> (0x000000076cbcf548) thrown at [C:\Users\jenkins\workspace\openjdk8_build_x86-64_windows\openjdk\hotspot\src\share\vm\prims\jni.cpp, line 709]
Event: 0.619 Thread 0x0000000002d15000 Implicit null exception at 0x00000000035687d8 to 0x000000000356891d
Event: 0.716 Thread 0x0000000002d15000 Exception <a 'java/lang/ClassNotFoundException': com/sun/org/glassfish/hk2/osgiresourcelocator/ServiceLoader> (0x000000076dc64898) thrown at [C:\Users\jenkins\workspace\openjdk8_build_x86-64_windows\openjdk\hotspot\src\share\vm\classfile\systemDictionary.

Events (10 events):
Event: 0.757 Thread 0x0000000002d15000 DEOPT UNPACKING pc=0x0000000002e5557b sp=0x0000000002d0db10 mode 2
Event: 0.758 Thread 0x0000000002d15000 Uncommon trap: trap_request=0xffffff65 fr.pc=0x0000000003614824
Event: 0.758 Thread 0x0000000002d15000 DEOPT PACKING pc=0x0000000003614824 sp=0x0000000002d0dd20
Event: 0.758 Thread 0x0000000002d15000 DEOPT UNPACKING pc=0x0000000002e5557b sp=0x0000000002d0dcb8 mode 2
Event: 0.760 loading class com/sun/org/apache/xerces/internal/impl/xpath/regex/Op$StringOp
Event: 0.760 loading class com/sun/org/apache/xerces/internal/impl/xpath/regex/Op$StringOp done
Event: 0.776 Executing VM operation: ForceSafepoint
Event: 0.776 Executing VM operation: ForceSafepoint done
Event: 0.781 loading class com/sun/org/apache/xerces/internal/impl/xpath/regex/Op$UnionOp
Event: 0.781 loading class com/sun/org/apache/xerces/internal/impl/xpath/regex/Op$UnionOp done


Dynamic libraries:
0x00007ff76d870000 - 0x00007ff76d8a5000 	D:\unity\2019.4.16f1c1\Editor\Data\PlaybackEngines\AndroidPlayer\OpenJDK\bin\java.exe
0x00007ff8d8e30000 - 0x00007ff8d9025000 	C:\Windows\SYSTEM32\ntdll.dll
0x00007ff8d8d20000 - 0x00007ff8d8ddd000 	C:\Windows\System32\KERNEL32.DLL
0x00007ff8d6760000 - 0x00007ff8d6a28000 	C:\Windows\System32\KERNELBASE.dll
0x00007ff8d7830000 - 0x00007ff8d78dc000 	C:\Windows\System32\ADVAPI32.dll
0x00007ff8d76e0000 - 0x00007ff8d777e000 	C:\Windows\System32\msvcrt.dll
0x00007ff8d8c00000 - 0x00007ff8d8c9b000 	C:\Windows\System32\sechost.dll
0x00007ff8d8240000 - 0x00007ff8d836b000 	C:\Windows\System32\RPCRT4.dll
0x00007ff8d7b40000 - 0x00007ff8d7ce0000 	C:\Windows\System32\USER32.dll
0x00007ff8d6de0000 - 0x00007ff8d6e02000 	C:\Windows\System32\win32u.dll
0x00007ff8d73b0000 - 0x00007ff8d73da000 	C:\Windows\System32\GDI32.dll
0x00007ff8d6cd0000 - 0x00007ff8d6ddb000 	C:\Windows\System32\gdi32full.dll
0x00007ff8d6b80000 - 0x00007ff8d6c1d000 	C:\Windows\System32\msvcp_win.dll
0x00007ff8d6a80000 - 0x00007ff8d6b80000 	C:\Windows\System32\ucrtbase.dll
0x00007ff8b8b80000 - 0x00007ff8b8e1a000 	C:\Windows\WinSxS\amd64_microsoft.windows.common-controls_6595b64144ccf1df_6.0.19041.844_none_ca00b6081b84eb1d\COMCTL32.dll
0x00007ff8d7da0000 - 0x00007ff8d7dd0000 	C:\Windows\System32\IMM32.DLL
0x000000006e500000 - 0x000000006e5d2000 	D:\unity\2019.4.16f1c1\Editor\Data\PlaybackEngines\AndroidPlayer\OpenJDK\jre\bin\msvcr100.dll
0x000000006dcb0000 - 0x000000006e4f9000 	D:\unity\2019.4.16f1c1\Editor\Data\PlaybackEngines\AndroidPlayer\OpenJDK\jre\bin\server\jvm.dll
0x00007ff8d76d0000 - 0x00007ff8d76d8000 	C:\Windows\System32\PSAPI.DLL
0x00007ff8cbe90000 - 0x00007ff8cbe99000 	C:\Windows\SYSTEM32\WSOCK32.dll
0x00007ff8bf000000 - 0x00007ff8bf027000 	C:\Windows\SYSTEM32\WINMM.dll
0x00007ff8d1600000 - 0x00007ff8d160a000 	C:\Windows\SYSTEM32\VERSION.dll
0x00007ff8d7a00000 - 0x00007ff8d7a6b000 	C:\Windows\System32\WS2_32.dll
0x00007ff8d1b50000 - 0x00007ff8d1b5f000 	D:\unity\2019.4.16f1c1\Editor\Data\PlaybackEngines\AndroidPlayer\OpenJDK\jre\bin\verify.dll
0x00007ff8c7880000 - 0x00007ff8c78a9000 	D:\unity\2019.4.16f1c1\Editor\Data\PlaybackEngines\AndroidPlayer\OpenJDK\jre\bin\java.dll
0x00007ff8ce8c0000 - 0x00007ff8ce8d6000 	D:\unity\2019.4.16f1c1\Editor\Data\PlaybackEngines\AndroidPlayer\OpenJDK\jre\bin\zip.dll
0x00007ff8d8450000 - 0x00007ff8d8b92000 	C:\Windows\System32\SHELL32.dll
0x00007ff8d46d0000 - 0x00007ff8d4e61000 	C:\Windows\SYSTEM32\windows.storage.dll
0x00007ff8d7050000 - 0x00007ff8d73a5000 	C:\Windows\System32\combase.dll
0x00007ff8d5fe0000 - 0x00007ff8d600c000 	C:\Windows\SYSTEM32\Wldp.dll
0x00007ff8d7cf0000 - 0x00007ff8d7d9e000 	C:\Windows\System32\SHCORE.dll
0x00007ff8d8cc0000 - 0x00007ff8d8d15000 	C:\Windows\System32\shlwapi.dll
0x00007ff8d64b0000 - 0x00007ff8d64cf000 	C:\Windows\SYSTEM32\profapi.dll
0x00007ff8cdea0000 - 0x00007ff8cdeba000 	D:\unity\2019.4.16f1c1\Editor\Data\PlaybackEngines\AndroidPlayer\OpenJDK\jre\bin\net.dll
0x00007ff8d5d50000 - 0x00007ff8d5dba000 	C:\Windows\system32\mswsock.dll
0x00007ff8c77c0000 - 0x00007ff8c77d1000 	D:\unity\2019.4.16f1c1\Editor\Data\PlaybackEngines\AndroidPlayer\OpenJDK\jre\bin\nio.dll
0x00007ff8c7770000 - 0x00007ff8c7794000 	D:\unity\2019.4.16f1c1\Editor\Data\PlaybackEngines\AndroidPlayer\OpenJDK\jre\bin\sunec.dll
0x00007ff8d5f30000 - 0x00007ff8d5f48000 	C:\Windows\SYSTEM32\CRYPTSP.dll
0x00007ff8d5620000 - 0x00007ff8d5654000 	C:\Windows\system32\rsaenh.dll
0x00007ff8d6570000 - 0x00007ff8d6597000 	C:\Windows\System32\bcrypt.dll
0x00007ff8d6470000 - 0x00007ff8d649e000 	C:\Windows\SYSTEM32\USERENV.dll
0x00007ff8d6e10000 - 0x00007ff8d6e90000 	C:\Windows\System32\bcryptprimitives.dll
0x00007ff8d5f20000 - 0x00007ff8d5f2c000 	C:\Windows\SYSTEM32\CRYPTBASE.dll
0x00007ff8d59f0000 - 0x00007ff8d5a2b000 	C:\Windows\SYSTEM32\IPHLPAPI.DLL
0x00007ff8d8de0000 - 0x00007ff8d8de8000 	C:\Windows\System32\NSI.dll
0x00007ff8d1a90000 - 0x00007ff8d1aa7000 	C:\Windows\SYSTEM32\dhcpcsvc6.DLL
0x00007ff8d1a50000 - 0x00007ff8d1a6d000 	C:\Windows\SYSTEM32\dhcpcsvc.DLL
0x00007ff8d5a40000 - 0x00007ff8d5b0c000 	C:\Windows\SYSTEM32\DNSAPI.dll
0x00007ff8cead0000 - 0x00007ff8ceadb000 	D:\unity\2019.4.16f1c1\Editor\Data\PlaybackEngines\AndroidPlayer\OpenJDK\jre\bin\sunmscapi.dll
0x00007ff8d65a0000 - 0x00007ff8d66ff000 	C:\Windows\System32\CRYPT32.dll
0x00007ff8d0ef0000 - 0x00007ff8d0efa000 	C:\Windows\System32\rasadhlp.dll
0x00007ff8d0590000 - 0x00007ff8d060f000 	C:\Windows\System32\fwpuclnt.dll

VM Arguments:
jvm_args: -Dfile.encoding=UTF-8 -Dcom.android.sdklib.toolsdir=D:\unity\2019.4.16f1c1\Editor\Data\PlaybackEngines\AndroidPlayer\SDK\tools\bin\\.. 
java_command: com.android.sdklib.tool.sdkmanager.SdkManagerCli --list
java_class_path (initial): D:\unity\2019.4.16f1c1\Editor\Data\PlaybackEngines\AndroidPlayer\SDK\tools\bin\..\lib\dvlib-26.0.0-dev.jar;D:\unity\2019.4.16f1c1\Editor\Data\PlaybackEngines\AndroidPlayer\SDK\tools\bin\..\lib\jimfs-1.1.jar;D:\unity\2019.4.16f1c1\Editor\Data\PlaybackEngines\AndroidPlayer\SDK\tools\bin\..\lib\jsr305-1.3.9.jar;D:\unity\2019.4.16f1c1\Editor\Data\PlaybackEngines\AndroidPlayer\SDK\tools\bin\..\lib\repository-26.0.0-dev.jar;D:\unity\2019.4.16f1c1\Editor\Data\PlaybackEngines\AndroidPlayer\SDK\tools\bin\..\lib\j2objc-annotations-1.1.jar;D:\unity\2019.4.16f1c1\Editor\Data\PlaybackEngines\AndroidPlayer\SDK\tools\bin\..\lib\layoutlib-api-26.0.0-dev.jar;D:\unity\2019.4.16f1c1\Editor\Data\PlaybackEngines\AndroidPlayer\SDK\tools\bin\..\lib\gson-2.3.jar;D:\unity\2019.4.16f1c1\Editor\Data\PlaybackEngines\AndroidPlayer\SDK\tools\bin\..\lib\httpcore-4.2.5.jar;D:\unity\2019.4.16f1c1\Editor\Data\PlaybackEngines\AndroidPlayer\SDK\tools\bin\..\lib\commons-logging-1.1.1.jar;D:\unity\2019.4.16f1c1\Editor\Data\PlaybackEngines\AndroidPlayer\SDK\tools\bin\..\lib\commons-compress-1.12.jar;D:\unity\2019.4.16f1c1\Editor\Data\PlaybackEngines\AndroidPlayer\SDK\tools\bin\..\lib\annotations-26.0.0-dev.jar;D:\unity\2019.4.16f1c1\Editor\Data\PlaybackEngines\AndroidPlayer\SDK\tools\bin\..\lib\error_prone_annotations-2.0.18.jar;D:\unity\2019.4.16f1c1\Editor\Data\PlaybackEngines\AndroidPlayer\SDK\tools\bin\..\lib\animal-sniffer-annotations-1.14.jar;D:\unity\2019.4.16f1c1\Editor\Data\PlaybackEngines\AndroidPlayer\SDK\tools\bin\..\lib\httpclient-4.2.6.jar;D:\unity\2019.4.16f1c1\Editor\Data\PlaybackEngines\AndroidPlayer\SDK\tools\bin\..\lib\commons-codec-1.6.jar;D:\unity\2019.4.16f1c1\Editor\Data\PlaybackEngines\AndroidPlayer\SDK\tools\bin\..\lib\common-26.0.0-dev.jar;D:\unity\2019.4.16f1c1\Editor\Data\PlaybackEngines\AndroidPlayer\SDK\tools\bin\..\lib\kxml2-2.3.0.jar;D:\unity\2019.4.16f1c1\Editor\Data\PlaybackEngines\AndroidPlayer\SDK\tools\bin\..\lib\httpmime-4.1.jar;D:\unity\
Launcher Type: SUN_STANDARD

Environment Variables:
JAVA_HOME=D:/unity/2019.4.16f1c1/Editor/Data/PlaybackEngines/AndroidPlayer\OpenJDK
JAVA_TOOL_OPTIONS=-Dfile.encoding=UTF-8
PATH=C:\Program Files\Common Files\Oracle\Java\javapath;C:\Windows\system32;C:\Windows;C:\Windows\System32\Wbem;C:\Windows\System32\WindowsPowerShell\v1.0\;C:\Windows\System32\OpenSSH\;C:\Program Files (x86)\NVIDIA Corporation\PhysX\Common;C:\Program Files (x86)\GtkSharp\2.12\bin;C:\Program Files\Microsoft SQL Server\130\Tools\Binn\;C:\Program Files\Microsoft SQL Server\Client SDK\ODBC\170\Tools\Binn\;C:\Program Files\dotnet\;E:\LuaForWindow\5.1;E:\LuaForWindow\5.1\clibs;C:\Program Files\Java\jdk-16\bin;E:\Git\cmd;C:\Users\HH\AppData\Local\Microsoft\WindowsApps;C:\Users\HH\.dotnet\tools
USERNAME=HH
OS=Windows_NT
PROCESSOR_IDENTIFIER=Intel64 Family 6 Model 165 Stepping 5, GenuineIntel



---------------  S Y S T E M  ---------------

OS: Windows 10.0 , 64 bit Build 19041 (10.0.19041.928)

CPU:total 16 (initial active 16) (8 cores per cpu, 2 threads per core) family 6 model 165 stepping 5, cmov, cx8, fxsr, mmx, sse, sse2, sse3, ssse3, sse4.1, sse4.2, popcnt, avx, avx2, aes, clmul, erms, 3dnowpref, lzcnt, ht, tsc, tscinvbit, bmi1, bmi2, adx

Memory: 4k page, physical 16664656k(4113464k free), swap 22956112k(5148k free)

vm_info: OpenJDK 64-Bit Server VM (25.71-b00) for windows-amd64 JRE (1.8.0-adoptopenjdk-_2018_05_19_00_59-b00), built on May 19 2018 01:02:12 by "jenkins" with MS VC++ 10.0 (VS2010)

time: Wed Apr 21 21:21:42 2021
elapsed time: 0 seconds (0d 0h 0m 0s)

